  Coin.cpp
  Collision.cpp
  Pictures.cpp
  Bee.cpp
  Border.cpp
  Brick.cpp
c:\users\domin\source\repos\programowanie_ii\programowanie_ii\brick.cpp(13): warning C4244: "argument": konwersja z "int" do "float", możliwa utrata danych
c:\users\domin\source\repos\programowanie_ii\programowanie_ii\brick.cpp(13): warning C4244: "argument": konwersja z "T" do "float", możliwa utrata danych
          with
          [
              T=unsigned int
          ]
c:\users\domin\source\repos\programowanie_ii\programowanie_ii\brick.cpp(19): warning C4018: "<": niezgodność typu ze znakiem/bez znaku
c:\users\domin\source\repos\programowanie_ii\programowanie_ii\brick.cpp(28): warning C4018: "<": niezgodność typu ze znakiem/bez znaku
  Game.cpp
c:\users\domin\source\repos\programowanie_ii\programowanie_ii\game.cpp(7): warning C4244: "argument": konwersja z "time_t" do "unsigned int", możliwa utrata danych
  GameOverState.cpp
  GameState.cpp
  Input.cpp
c:\users\domin\source\repos\programowanie_ii\programowanie_ii\input.cpp(7): warning C4244: "argument": konwersja z "T" do "T", możliwa utrata danych
          with
          [
              T=float
          ]
          and
          [
              T=int
          ]
c:\users\domin\source\repos\programowanie_ii\programowanie_ii\input.cpp(7): warning C4244: "argument": konwersja z "const T" do "T", możliwa utrata danych
          with
          [
              T=float
          ]
          and
          [
              T=int
          ]
  Main.cpp
  MenuState.cpp
  WelcomeState.cpp
  StateMachine.cpp
  Generowanie kodu...
c:\users\domin\source\repos\programowanie_ii\programowanie_ii\border.cpp(24): warning C4172: zwracanie adresu lokalnej zmiennej lub tymczasowej: _borderSprites
  Programowanie_II.vcxproj -> C:\Users\domin\source\repos\Programowanie_II\Debug\Programowanie_II.exe
